#
# There is insufficient memory for the Java Runtime Environment to continue.
# Native memory allocation (malloc) failed to allocate 457296 bytes for Chunk::new
# Possible reasons:
#   The system is out of physical RAM or swap space
#   The process is running with CompressedOops enabled, and the Java Heap may be blocking the growth of the native heap
# Possible solutions:
#   Reduce memory load on the system
#   Increase physical memory or swap space
#   Check if swap backing store is full
#   Decrease Java heap size (-Xmx/-Xms)
#   Decrease number of Java threads
#   Decrease Java thread stack sizes (-Xss)
#   Set larger code cache with -XX:ReservedCodeCacheSize=
#   JVM is running with Unscaled Compressed Oops mode in which the Java heap is
#     placed in the first 4GB address space. The Java Heap base address is the
#     maximum limit for the native heap growth. Please use -XX:HeapBaseMinAddress
#     to set the Java Heap base and to place the Java Heap above 4GB virtual address.
# This output file may be truncated or incomplete.
#
#  Out of Memory Error (arena.cpp:189), pid=22872, tid=8708
#
# JRE version: Java(TM) SE Runtime Environment (17.0.12+8) (build 17.0.12+8-LTS-286)
# Java VM: Java HotSpot(TM) 64-Bit Server VM (17.0.12+8-LTS-286, mixed mode, sharing, tiered, compressed oops, compressed class ptrs, g1 gc, windows-amd64)
# No core dump will be written. Minidumps are not enabled by default on client versions of Windows
#

---------------  S U M M A R Y ------------

Command Line: -Xmx64m -Xms64m -Dorg.gradle.appname=gradlew org.gradle.wrapper.GradleWrapperMain app:installDebug -PreactNativeDevServerPort=8081

Host: 11th Gen Intel(R) Core(TM) i7-11800H @ 2.30GHz, 16 cores, 15G,  Windows 11 , 64 bit Build 26100 (10.0.26100.3037)
Time: Tue Mar 11 23:31:14 2025 Türkiye Standart Saati elapsed time: 0.558466 seconds (0d 0h 0m 0s)

---------------  T H R E A D  ---------------

Current thread (0x000001a17e41bac0):  JavaThread "C2 CompilerThread0" daemon [_thread_in_native, id=8708, stack(0x0000003964200000,0x0000003964300000)]


Current CompileTask:
C2:    558  834       4       java.util.jar.JarFile::getEntry (35 bytes)

Stack: [0x0000003964200000,0x0000003964300000]
Native frames: (J=compiled Java code, j=interpreted, Vv=VM code, C=native code)
V  [jvm.dll+0x67a04a]
V  [jvm.dll+0x7da4ed]
V  [jvm.dll+0x7dbe33]
V  [jvm.dll+0x7dc4a3]
V  [jvm.dll+0x24508f]
V  [jvm.dll+0xab773]
V  [jvm.dll+0xabd3c]
V  [jvm.dll+0x2aa52f]
V  [jvm.dll+0x581eb9]
V  [jvm.dll+0x21f422]
V  [jvm.dll+0x2184c2]
V  [jvm.dll+0x215b65]
V  [jvm.dll+0x1a2960]
V  [jvm.dll+0x22610b]
V  [jvm.dll+0x2242ab]
V  [jvm.dll+0x79075c]
V  [jvm.dll+0x78abea]
V  [jvm.dll+0x678f35]
C  [ucrtbase.dll+0x37b0]
C  [KERNEL32.DLL+0x2e8d7]
C  [ntdll.dll+0xbbf2c]


---------------  P R O C E S S  ---------------

Threads class SMR info:
_java_thread_list=0x000001a17ea2c910, length=19, elements={
0x000001a1641d5480, 0x000001a17e403000, 0x000001a17e4038d0, 0x000001a17e416e90,
0x000001a17e417850, 0x000001a17e418210, 0x000001a17e419fe0, 0x000001a17e41bac0,
0x000001a17e4321f0, 0x000001a17e442c00, 0x000001a17e3fced0, 0x000001a17e6d1390,
0x000001a17e6d9cf0, 0x000001a17e6dcae0, 0x000001a17e6dcff0, 0x000001a17ea31a00,
0x000001a17ea663d0, 0x000001a17ea669a0, 0x000001a17ea67ed0
}

Java Threads: ( => current thread )
  0x000001a1641d5480 JavaThread "main" [_thread_in_vm, id=10460, stack(0x0000003963500000,0x0000003963600000)]
  0x000001a17e403000 JavaThread "Reference Handler" daemon [_thread_blocked, id=22356, stack(0x0000003963c00000,0x0000003963d00000)]
  0x000001a17e4038d0 JavaThread "Finalizer" daemon [_thread_blocked, id=22420, stack(0x0000003963d00000,0x0000003963e00000)]
  0x000001a17e416e90 JavaThread "Signal Dispatcher" daemon [_thread_blocked, id=23008, stack(0x0000003963e00000,0x0000003963f00000)]
  0x000001a17e417850 JavaThread "Attach Listener" daemon [_thread_blocked, id=21556, stack(0x0000003963f00000,0x0000003964000000)]
  0x000001a17e418210 JavaThread "Service Thread" daemon [_thread_blocked, id=4324, stack(0x0000003964000000,0x0000003964100000)]
  0x000001a17e419fe0 JavaThread "Monitor Deflation Thread" daemon [_thread_blocked, id=18380, stack(0x0000003964100000,0x0000003964200000)]
=>0x000001a17e41bac0 JavaThread "C2 CompilerThread0" daemon [_thread_in_native, id=8708, stack(0x0000003964200000,0x0000003964300000)]
  0x000001a17e4321f0 JavaThread "C1 CompilerThread0" daemon [_thread_blocked, id=12268, stack(0x0000003964300000,0x0000003964400000)]
  0x000001a17e442c00 JavaThread "Sweeper thread" daemon [_thread_blocked, id=23520, stack(0x0000003964400000,0x0000003964500000)]
  0x000001a17e3fced0 JavaThread "C1 CompilerThread1" daemon [_thread_blocked, id=23368, stack(0x0000003964500000,0x0000003964600000)]
  0x000001a17e6d1390 JavaThread "C1 CompilerThread2" daemon [_thread_blocked, id=8732, stack(0x0000003964600000,0x0000003964700000)]
  0x000001a17e6d9cf0 JavaThread "C1 CompilerThread3" daemon [_thread_blocked, id=7176, stack(0x0000003964700000,0x0000003964800000)]
  0x000001a17e6dcae0 JavaThread "Notification Thread" daemon [_thread_blocked, id=22736, stack(0x0000003964800000,0x0000003964900000)]
  0x000001a17e6dcff0 JavaThread "Common-Cleaner" daemon [_thread_blocked, id=22636, stack(0x0000003964a00000,0x0000003964b00000)]
  0x000001a17ea31a00 JavaThread "C2 CompilerThread1" daemon [_thread_in_native, id=11808, stack(0x0000003964b00000,0x0000003964c00000)]
  0x000001a17ea663d0 JavaThread "C2 CompilerThread2" daemon [_thread_in_native, id=15460, stack(0x0000003964c00000,0x0000003964d00000)]
  0x000001a17ea669a0 JavaThread "C2 CompilerThread3" daemon [_thread_in_native, id=8796, stack(0x0000003964d00000,0x0000003964e00000)]
  0x000001a17ea67ed0 JavaThread "C2 CompilerThread4" daemon [_thread_blocked, id=13420, stack(0x0000003964e00000,0x0000003964f00000)]

Other Threads:
  0x000001a16429d2d0 VMThread "VM Thread" [stack: 0x0000003963b00000,0x0000003963c00000] [id=6756]
  0x000001a17e6e2240 WatcherThread [stack: 0x0000003964900000,0x0000003964a00000] [id=10200]
  0x000001a1641f7a50 GCTaskThread "GC Thread#0" [stack: 0x0000003963600000,0x0000003963700000] [id=22552]
  0x000001a17ea3a2b0 GCTaskThread "GC Thread#1" [stack: 0x0000003964f00000,0x0000003965000000] [id=22928]
  0x000001a17ed37770 GCTaskThread "GC Thread#2" [stack: 0x0000003965000000,0x0000003965100000] [id=11516]
  0x000001a17eff2f60 GCTaskThread "GC Thread#3" [stack: 0x0000003965100000,0x0000003965200000] [id=17228]
  0x000001a1641f91a0 ConcurrentGCThread "G1 Main Marker" [stack: 0x0000003963700000,0x0000003963800000] [id=11436]
  0x000001a1641fa880 ConcurrentGCThread "G1 Conc#0" [stack: 0x0000003963800000,0x0000003963900000] [id=18828]
  0x000001a16427afc0 ConcurrentGCThread "G1 Refine#0" [stack: 0x0000003963900000,0x0000003963a00000] [id=7356]
  0x000001a16427d7a0 ConcurrentGCThread "G1 Service" [stack: 0x0000003963a00000,0x0000003963b00000] [id=22996]

Threads with active compile tasks:
C2 CompilerThread0      585  834       4       java.util.jar.JarFile::getEntry (35 bytes)
C1 CompilerThread1      585  881   !   3       java.util.jar.JarFile::getManifestFromReference (197 bytes)
C2 CompilerThread1      585  839   !   4       java.util.jar.JarFile::checkForSpecialAttributes (163 bytes)
C2 CompilerThread2      585  836   !   4       jdk.internal.loader.URLClassPath$JarLoader::getResource (65 bytes)
C2 CompilerThread3      585  835  s!   4       jdk.internal.loader.URLClassPath::getLoader (194 bytes)

VM state: not at safepoint (normal execution)

VM Mutex/Monitor currently owned by a thread: None

Heap address: 0x00000000fc000000, size: 64 MB, Compressed Oops mode: 32-bit

CDS archive(s) mapped at: [0x000001a100000000-0x000001a100bd0000-0x000001a100bd0000), size 12386304, SharedBaseAddress: 0x000001a100000000, ArchiveRelocationMode: 1.
Compressed class space mapped at: 0x000001a101000000-0x000001a141000000, reserved size: 1073741824
Narrow klass base: 0x000001a100000000, Narrow klass shift: 0, Narrow klass range: 0x100000000

GC Precious Log:
 CPUs: 16 total, 16 available
 Memory: 16122M
 Large Page Support: Disabled
 NUMA Support: Disabled
 Compressed Oops: Enabled (32-bit)
 Heap Region Size: 1M
 Heap Min Capacity: 64M
 Heap Initial Capacity: 64M
 Heap Max Capacity: 64M
 Pre-touch: Disabled
 Parallel Workers: 13
 Concurrent Workers: 3
 Concurrent Refinement Workers: 13
 Periodic GC: Disabled

Heap:
 garbage-first heap   total 65536K, used 13120K [0x00000000fc000000, 0x0000000100000000)
  region size 1024K, 12 young (12288K), 3 survivors (3072K)
 Metaspace       used 2647K, committed 2816K, reserved 1114112K
  class space    used 273K, committed 384K, reserved 1048576K

Heap Regions: E=young(eden), S=young(survivor), O=old, HS=humongous(starts), HC=humongous(continues), CS=collection set, F=free, OA=open archive, CA=closed archive, TAMS=top-at-mark-start (previous, next)
|   0|0x00000000fc000000, 0x00000000fc100000, 0x00000000fc100000|100%|HS|  |TAMS 0x00000000fc000000, 0x00000000fc000000| Complete 
|   1|0x00000000fc100000, 0x00000000fc200000, 0x00000000fc200000|100%|HC|  |TAMS 0x00000000fc100000, 0x00000000fc100000| Complete 
|   2|0x00000000fc200000, 0x00000000fc300000, 0x00000000fc300000|100%|HC|  |TAMS 0x00000000fc200000, 0x00000000fc200000| Complete 
|   3|0x00000000fc300000, 0x00000000fc300000, 0x00000000fc400000|  0%| F|  |TAMS 0x00000000fc300000, 0x00000000fc300000| Untracked 
|   4|0x00000000fc400000, 0x00000000fc400000, 0x00000000fc500000|  0%| F|  |TAMS 0x00000000fc400000, 0x00000000fc400000| Untracked 
|   5|0x00000000fc500000, 0x00000000fc500000, 0x00000000fc600000|  0%| F|  |TAMS 0x00000000fc500000, 0x00000000fc500000| Untracked 
|   6|0x00000000fc600000, 0x00000000fc600000, 0x00000000fc700000|  0%| F|  |TAMS 0x00000000fc600000, 0x00000000fc600000| Untracked 
|   7|0x00000000fc700000, 0x00000000fc700000, 0x00000000fc800000|  0%| F|  |TAMS 0x00000000fc700000, 0x00000000fc700000| Untracked 
|   8|0x00000000fc800000, 0x00000000fc800000, 0x00000000fc900000|  0%| F|  |TAMS 0x00000000fc800000, 0x00000000fc800000| Untracked 
|   9|0x00000000fc900000, 0x00000000fc900000, 0x00000000fca00000|  0%| F|  |TAMS 0x00000000fc900000, 0x00000000fc900000| Untracked 
|  10|0x00000000fca00000, 0x00000000fca00000, 0x00000000fcb00000|  0%| F|  |TAMS 0x00000000fca00000, 0x00000000fca00000| Untracked 
|  11|0x00000000fcb00000, 0x00000000fcb00000, 0x00000000fcc00000|  0%| F|  |TAMS 0x00000000fcb00000, 0x00000000fcb00000| Untracked 
|  12|0x00000000fcc00000, 0x00000000fcc00000, 0x00000000fcd00000|  0%| F|  |TAMS 0x00000000fcc00000, 0x00000000fcc00000| Untracked 
|  13|0x00000000fcd00000, 0x00000000fcd00000, 0x00000000fce00000|  0%| F|  |TAMS 0x00000000fcd00000, 0x00000000fcd00000| Untracked 
|  14|0x00000000fce00000, 0x00000000fce00000, 0x00000000fcf00000|  0%| F|  |TAMS 0x00000000fce00000, 0x00000000fce00000| Untracked 
|  15|0x00000000fcf00000, 0x00000000fcf00000, 0x00000000fd000000|  0%| F|  |TAMS 0x00000000fcf00000, 0x00000000fcf00000| Untracked 
|  16|0x00000000fd000000, 0x00000000fd000000, 0x00000000fd100000|  0%| F|  |TAMS 0x00000000fd000000, 0x00000000fd000000| Untracked 
|  17|0x00000000fd100000, 0x00000000fd100000, 0x00000000fd200000|  0%| F|  |TAMS 0x00000000fd100000, 0x00000000fd100000| Untracked 
|  18|0x00000000fd200000, 0x00000000fd200000, 0x00000000fd300000|  0%| F|  |TAMS 0x00000000fd200000, 0x00000000fd200000| Untracked 
|  19|0x00000000fd300000, 0x00000000fd300000, 0x00000000fd400000|  0%| F|  |TAMS 0x00000000fd300000, 0x00000000fd300000| Untracked 
|  20|0x00000000fd400000, 0x00000000fd400000, 0x00000000fd500000|  0%| F|  |TAMS 0x00000000fd400000, 0x00000000fd400000| Untracked 
|  21|0x00000000fd500000, 0x00000000fd500000, 0x00000000fd600000|  0%| F|  |TAMS 0x00000000fd500000, 0x00000000fd500000| Untracked 
|  22|0x00000000fd600000, 0x00000000fd600000, 0x00000000fd700000|  0%| F|  |TAMS 0x00000000fd600000, 0x00000000fd600000| Untracked 
|  23|0x00000000fd700000, 0x00000000fd700000, 0x00000000fd800000|  0%| F|  |TAMS 0x00000000fd700000, 0x00000000fd700000| Untracked 
|  24|0x00000000fd800000, 0x00000000fd800000, 0x00000000fd900000|  0%| F|  |TAMS 0x00000000fd800000, 0x00000000fd800000| Untracked 
|  25|0x00000000fd900000, 0x00000000fd900000, 0x00000000fda00000|  0%| F|  |TAMS 0x00000000fd900000, 0x00000000fd900000| Untracked 
|  26|0x00000000fda00000, 0x00000000fda00000, 0x00000000fdb00000|  0%| F|  |TAMS 0x00000000fda00000, 0x00000000fda00000| Untracked 
|  27|0x00000000fdb00000, 0x00000000fdb00000, 0x00000000fdc00000|  0%| F|  |TAMS 0x00000000fdb00000, 0x00000000fdb00000| Untracked 
|  28|0x00000000fdc00000, 0x00000000fdc00000, 0x00000000fdd00000|  0%| F|  |TAMS 0x00000000fdc00000, 0x00000000fdc00000| Untracked 
|  29|0x00000000fdd00000, 0x00000000fdd00000, 0x00000000fde00000|  0%| F|  |TAMS 0x00000000fdd00000, 0x00000000fdd00000| Untracked 
|  30|0x00000000fde00000, 0x00000000fde00000, 0x00000000fdf00000|  0%| F|  |TAMS 0x00000000fde00000, 0x00000000fde00000| Untracked 
|  31|0x00000000fdf00000, 0x00000000fdf00000, 0x00000000fe000000|  0%| F|  |TAMS 0x00000000fdf00000, 0x00000000fdf00000| Untracked 
|  32|0x00000000fe000000, 0x00000000fe000000, 0x00000000fe100000|  0%| F|  |TAMS 0x00000000fe000000, 0x00000000fe000000| Untracked 
|  33|0x00000000fe100000, 0x00000000fe100000, 0x00000000fe200000|  0%| F|  |TAMS 0x00000000fe100000, 0x00000000fe100000| Untracked 
|  34|0x00000000fe200000, 0x00000000fe200000, 0x00000000fe300000|  0%| F|  |TAMS 0x00000000fe200000, 0x00000000fe200000| Untracked 
|  35|0x00000000fe300000, 0x00000000fe300000, 0x00000000fe400000|  0%| F|  |TAMS 0x00000000fe300000, 0x00000000fe300000| Untracked 
|  36|0x00000000fe400000, 0x00000000fe400000, 0x00000000fe500000|  0%| F|  |TAMS 0x00000000fe400000, 0x00000000fe400000| Untracked 
|  37|0x00000000fe500000, 0x00000000fe500000, 0x00000000fe600000|  0%| F|  |TAMS 0x00000000fe500000, 0x00000000fe500000| Untracked 
|  38|0x00000000fe600000, 0x00000000fe6d0000, 0x00000000fe700000| 81%| S|CS|TAMS 0x00000000fe600000, 0x00000000fe600000| Complete 
|  39|0x00000000fe700000, 0x00000000fe800000, 0x00000000fe800000|100%| S|CS|TAMS 0x00000000fe700000, 0x00000000fe700000| Complete 
|  40|0x00000000fe800000, 0x00000000fe900000, 0x00000000fe900000|100%| S|CS|TAMS 0x00000000fe800000, 0x00000000fe800000| Complete 
|  41|0x00000000fe900000, 0x00000000fe900000, 0x00000000fea00000|  0%| F|  |TAMS 0x00000000fe900000, 0x00000000fe900000| Untracked 
|  42|0x00000000fea00000, 0x00000000fea00000, 0x00000000feb00000|  0%| F|  |TAMS 0x00000000fea00000, 0x00000000fea00000| Untracked 
|  43|0x00000000feb00000, 0x00000000feb00000, 0x00000000fec00000|  0%| F|  |TAMS 0x00000000feb00000, 0x00000000feb00000| Untracked 
|  44|0x00000000fec00000, 0x00000000fec00000, 0x00000000fed00000|  0%| F|  |TAMS 0x00000000fec00000, 0x00000000fec00000| Untracked 
|  45|0x00000000fed00000, 0x00000000fed00000, 0x00000000fee00000|  0%| F|  |TAMS 0x00000000fed00000, 0x00000000fed00000| Untracked 
|  46|0x00000000fee00000, 0x00000000fee00000, 0x00000000fef00000|  0%| F|  |TAMS 0x00000000fee00000, 0x00000000fee00000| Untracked 
|  47|0x00000000fef00000, 0x00000000fef00000, 0x00000000ff000000|  0%| F|  |TAMS 0x00000000fef00000, 0x00000000fef00000| Untracked 
|  48|0x00000000ff000000, 0x00000000ff000000, 0x00000000ff100000|  0%| F|  |TAMS 0x00000000ff000000, 0x00000000ff000000| Untracked 
|  49|0x00000000ff100000, 0x00000000ff100000, 0x00000000ff200000|  0%| F|  |TAMS 0x00000000ff100000, 0x00000000ff100000| Untracked 
|  50|0x00000000ff200000, 0x00000000ff200000, 0x00000000ff300000|  0%| F|  |TAMS 0x00000000ff200000, 0x00000000ff200000| Untracked 
|  51|0x00000000ff300000, 0x00000000ff300000, 0x00000000ff400000|  0%| F|  |TAMS 0x00000000ff300000, 0x00000000ff300000| Untracked 
|  52|0x00000000ff400000, 0x00000000ff400000, 0x00000000ff500000|  0%| F|  |TAMS 0x00000000ff400000, 0x00000000ff400000| Untracked 
|  53|0x00000000ff500000, 0x00000000ff500000, 0x00000000ff600000|  0%| F|  |TAMS 0x00000000ff500000, 0x00000000ff500000| Untracked 
|  54|0x00000000ff600000, 0x00000000ff600000, 0x00000000ff700000|  0%| F|  |TAMS 0x00000000ff600000, 0x00000000ff600000| Untracked 
|  55|0x00000000ff700000, 0x00000000ff800000, 0x00000000ff800000|100%| E|  |TAMS 0x00000000ff700000, 0x00000000ff700000| Complete 
|  56|0x00000000ff800000, 0x00000000ff900000, 0x00000000ff900000|100%| E|CS|TAMS 0x00000000ff800000, 0x00000000ff800000| Complete 
|  57|0x00000000ff900000, 0x00000000ffa00000, 0x00000000ffa00000|100%| E|CS|TAMS 0x00000000ff900000, 0x00000000ff900000| Complete 
|  58|0x00000000ffa00000, 0x00000000ffb00000, 0x00000000ffb00000|100%| E|CS|TAMS 0x00000000ffa00000, 0x00000000ffa00000| Complete 
|  59|0x00000000ffb00000, 0x00000000ffc00000, 0x00000000ffc00000|100%| E|CS|TAMS 0x00000000ffb00000, 0x00000000ffb00000| Complete 
|  60|0x00000000ffc00000, 0x00000000ffd00000, 0x00000000ffd00000|100%| E|CS|TAMS 0x00000000ffc00000, 0x00000000ffc00000| Complete 
|  61|0x00000000ffd00000, 0x00000000ffe00000, 0x00000000ffe00000|100%| E|CS|TAMS 0x00000000ffd00000, 0x00000000ffd00000| Complete 
|  62|0x00000000ffe00000, 0x00000000fff00000, 0x00000000fff00000|100%| E|CS|TAMS 0x00000000ffe00000, 0x00000000ffe00000| Complete 
|  63|0x00000000fff00000, 0x0000000100000000, 0x0000000100000000|100%| E|  |TAMS 0x00000000fff00000, 0x00000000fff00000| Complete 

Card table byte_map: [0x000001a162110000,0x000001a162130000] _byte_map_base: 0x000001a161930000

Marking Bits (Prev, Next): (CMBitMap*) 0x000001a1641f8070, (CMBitMap*) 0x000001a1641f80b0
 Prev Bits: [0x000001a17b310000, 0x000001a17b410000)
 Next Bits: [0x000001a17b410000, 0x000001a17b510000)

Polling page: 0x000001a1620c0000

Metaspace:

Usage:
  Non-class:      2.33 MB used.
      Class:    274.15 KB used.
       Both:      2.60 MB used.

Virtual space:
  Non-class space:       64.00 MB reserved,       2.38 MB (  4%) committed,  1 nodes.
      Class space:        1.00 GB reserved,     384.00 KB ( <1%) committed,  1 nodes.
             Both:        1.06 GB reserved,       2.75 MB ( <1%) committed. 

Chunk freelists:
   Non-Class:  11.44 MB
       Class:  15.61 MB
        Both:  27.05 MB

MaxMetaspaceSize: unlimited
CompressedClassSpaceSize: 1.00 GB
Initial GC threshold: 21.00 MB
Current GC threshold: 21.00 MB
CDS: on
MetaspaceReclaimPolicy: balanced
 - commit_granule_bytes: 65536.
 - commit_granule_words: 8192.
 - virtual_space_node_default_size: 8388608.
 - enlarge_chunks_in_place: 1.
 - new_chunks_are_fully_committed: 0.
 - uncommit_free_chunks: 1.
 - use_allocation_guard: 0.
 - handle_deallocations: 1.


Internal statistics:

num_allocs_failed_limit: 0.
num_arena_births: 14.
num_arena_deaths: 0.
num_vsnodes_births: 2.
num_vsnodes_deaths: 0.
num_space_committed: 44.
num_space_uncommitted: 0.
num_chunks_returned_to_freelist: 0.
num_chunks_taken_from_freelist: 59.
num_chunk_merges: 0.
num_chunk_splits: 36.
num_chunks_enlarged: 31.
num_inconsistent_stats: 0.

CodeHeap 'non-profiled nmethods': size=119168Kb used=362Kb max_used=362Kb free=118805Kb
 bounds [0x000001a173630000, 0x000001a1738a0000, 0x000001a17aa90000]
CodeHeap 'profiled nmethods': size=119104Kb used=1717Kb max_used=1717Kb free=117386Kb
 bounds [0x000001a16ba90000, 0x000001a16bd00000, 0x000001a172ee0000]
CodeHeap 'non-nmethods': size=7488Kb used=2823Kb max_used=2858Kb free=4664Kb
 bounds [0x000001a172ee0000, 0x000001a1731b0000, 0x000001a173630000]
 total_blobs=1286 nmethods=879 adapters=317
 compilation: enabled
              stopped_count=0, restarted_count=0
 full_count=0

Compilation events (20 events):
Event: 0.537 Thread 0x000001a17e6d1390  850   !   3       java.lang.invoke.MemberName::getMethodType (211 bytes)
Event: 0.538 Thread 0x000001a17e4321f0  851       3       jdk.internal.org.objectweb.asm.ClassReader::readUnsignedShort (26 bytes)
Event: 0.538 Thread 0x000001a17e4321f0 nmethod 851 0x000001a16bc21690 code [0x000001a16bc21820, 0x000001a16bc21998]
Event: 0.539 Thread 0x000001a17e6d1390 nmethod 850 0x000001a16bc21a90 code [0x000001a16bc21d80, 0x000001a16bc23358]
Event: 0.540 Thread 0x000001a17e6d1390  852       3       java.lang.invoke.MethodType::equals (56 bytes)
Event: 0.540 Thread 0x000001a17e6d9cf0  853       1       sun.invoke.util.Wrapper::basicTypeChar (5 bytes)
Event: 0.540 Thread 0x000001a17e6d9cf0 nmethod 853 0x000001a173681990 code [0x000001a173681b20, 0x000001a173681bf8]
Event: 0.540 Thread 0x000001a17e6d1390 nmethod 852 0x000001a16bc23910 code [0x000001a16bc23b40, 0x000001a16bc246d8]
Event: 0.540 Thread 0x000001a17e6d1390  854       3       jdk.internal.org.objectweb.asm.ByteVector::put12 (64 bytes)
Event: 0.540 Thread 0x000001a17e6d1390 nmethod 854 0x000001a16bc24890 code [0x000001a16bc24a40, 0x000001a16bc24c68]
Event: 0.552 Thread 0x000001a17e6d1390  856       3       java.lang.ClassNotFoundException::<init> (7 bytes)
Event: 0.553 Thread 0x000001a17e6d1390 nmethod 856 0x000001a16bc24e10 code [0x000001a16bc24fc0, 0x000001a16bc251c8]
Event: 0.553 Thread 0x000001a17e4321f0  857  s    3       java.lang.Throwable::fillInStackTrace (29 bytes)
Event: 0.554 Thread 0x000001a17e4321f0 nmethod 857 0x000001a16bc25310 code [0x000001a16bc254c0, 0x000001a16bc257a8]
Event: 0.554 Thread 0x000001a17e4321f0  859   !   3       java.net.URLClassLoader::findClass (47 bytes)
Event: 0.554 Thread 0x000001a17e6d1390  860       3       java.net.URLClassLoader$1::<init> (15 bytes)
Event: 0.554 Thread 0x000001a17e6d9cf0  861       3       java.net.URLClassLoader$1::run (5 bytes)
Event: 0.554 Thread 0x000001a17e3fced0  862   !   3       java.net.URLClassLoader$1::run (81 bytes)
Event: 0.554 Thread 0x000001a17e6d9cf0 nmethod 861 0x000001a16bc25890 code [0x000001a16bc25a40, 0x000001a16bc25b88]
Event: 0.554 Thread 0x000001a17e6d1390 nmethod 860 0x000001a16bc25c10 code [0x000001a16bc25dc0, 0x000001a16bc25fd8]

GC Heap History (2 events):
Event: 0.400 GC heap before
{Heap before GC invocations=0 (full 0):
 garbage-first heap   total 65536K, used 22528K [0x00000000fc000000, 0x0000000100000000)
  region size 1024K, 23 young (23552K), 0 survivors (0K)
 Metaspace       used 1856K, committed 1984K, reserved 1114112K
  class space    used 161K, committed 192K, reserved 1048576K
}
Event: 0.406 GC heap after
{Heap after GC invocations=1 (full 0):
 garbage-first heap   total 65536K, used 2880K [0x00000000fc000000, 0x0000000100000000)
  region size 1024K, 3 young (3072K), 3 survivors (3072K)
 Metaspace       used 1856K, committed 1984K, reserved 1114112K
  class space    used 161K, committed 192K, reserved 1048576K
}

Deoptimization events (20 events):
Event: 0.431 Thread 0x000001a1641d5480 DEOPT PACKING pc=0x000001a16bb031d6 sp=0x00000039635fc3f0
Event: 0.431 Thread 0x000001a1641d5480 DEOPT UNPACKING pc=0x000001a172f366e3 sp=0x00000039635fb878 mode 0
Event: 0.433 Thread 0x000001a1641d5480 DEOPT PACKING pc=0x000001a16bb031d6 sp=0x00000039635fc3f0
Event: 0.433 Thread 0x000001a1641d5480 DEOPT UNPACKING pc=0x000001a172f366e3 sp=0x00000039635fb878 mode 0
Event: 0.464 Thread 0x000001a1641d5480 Uncommon trap: trap_request=0xffffff45 fr.pc=0x000001a173670fa0 relative=0x0000000000000960
Event: 0.464 Thread 0x000001a1641d5480 Uncommon trap: reason=unstable_if action=reinterpret pc=0x000001a173670fa0 method=java.util.zip.ZipCoder$UTF8ZipCoder.checkedHash([BII)I @ 27 c2
Event: 0.464 Thread 0x000001a1641d5480 DEOPT PACKING pc=0x000001a173670fa0 sp=0x00000039635fc390
Event: 0.464 Thread 0x000001a1641d5480 DEOPT UNPACKING pc=0x000001a172f35ba3 sp=0x00000039635fc2e8 mode 2
Event: 0.464 Thread 0x000001a1641d5480 Uncommon trap: trap_request=0xffffff45 fr.pc=0x000001a1736393bc relative=0x00000000000001bc
Event: 0.464 Thread 0x000001a1641d5480 Uncommon trap: reason=unstable_if action=reinterpret pc=0x000001a1736393bc method=java.lang.String.hashCode()I @ 20 c2
Event: 0.464 Thread 0x000001a1641d5480 DEOPT PACKING pc=0x000001a1736393bc sp=0x00000039635fc220
Event: 0.464 Thread 0x000001a1641d5480 DEOPT UNPACKING pc=0x000001a172f35ba3 sp=0x00000039635fc1b0 mode 2
Event: 0.464 Thread 0x000001a1641d5480 Uncommon trap: trap_request=0xffffff45 fr.pc=0x000001a17366fc98 relative=0x0000000000000178
Event: 0.464 Thread 0x000001a1641d5480 Uncommon trap: reason=unstable_if action=reinterpret pc=0x000001a17366fc98 method=java.util.zip.ZipFile$Source.isMetaName([BII)Z @ 57 c2
Event: 0.464 Thread 0x000001a1641d5480 DEOPT PACKING pc=0x000001a17366fc98 sp=0x00000039635fc430
Event: 0.464 Thread 0x000001a1641d5480 DEOPT UNPACKING pc=0x000001a172f35ba3 sp=0x00000039635fc3c0 mode 2
Event: 0.495 Thread 0x000001a1641d5480 DEOPT PACKING pc=0x000001a16bb9b9e8 sp=0x00000039635fcc60
Event: 0.495 Thread 0x000001a1641d5480 DEOPT UNPACKING pc=0x000001a172f366e3 sp=0x00000039635fc0f0 mode 0
Event: 0.498 Thread 0x000001a1641d5480 DEOPT PACKING pc=0x000001a16bbb20d7 sp=0x00000039635f96f0
Event: 0.498 Thread 0x000001a1641d5480 DEOPT UNPACKING pc=0x000001a172f366e3 sp=0x00000039635f8b50 mode 0

Classes unloaded (0 events):
No events

Classes redefined (0 events):
No events

Internal exceptions (1 events):
Event: 0.139 Thread 0x000001a1641d5480 Exception <a 'java/lang/NoSuchMethodError'{0x00000000ffcf3040}: 'int java.lang.invoke.DirectMethodHandle$Holder.invokeStaticInit(java.lang.Object, java.lang.Object)'> (0x00000000ffcf3040) 
thrown [s\open\src\hotspot\share\interpreter\linkResolver.cpp, line 759]

VM Operations (4 events):
Event: 0.059 Executing VM operation: HandshakeAllThreads
Event: 0.059 Executing VM operation: HandshakeAllThreads done
Event: 0.400 Executing VM operation: G1CollectForAllocation
Event: 0.406 Executing VM operation: G1CollectForAllocation done

Events (20 events):
Event: 0.533 loading class java/lang/WeakPairMap$Pair$Weak
Event: 0.534 loading class java/lang/WeakPairMap$WeakRefPeer
Event: 0.534 loading class java/lang/WeakPairMap$WeakRefPeer done
Event: 0.534 loading class java/lang/WeakPairMap$Pair$Weak done
Event: 0.534 loading class java/lang/WeakPairMap$Pair$Weak$1
Event: 0.534 loading class java/lang/WeakPairMap$Pair$Weak$1 done
Event: 0.535 loading class java/lang/reflect/ProxyGenerator
Event: 0.536 loading class java/lang/reflect/ProxyGenerator done
Event: 0.536 loading class java/lang/reflect/ProxyGenerator$ProxyMethod
Event: 0.537 loading class java/lang/reflect/ProxyGenerator$ProxyMethod done
Event: 0.538 loading class java/lang/reflect/ProxyGenerator$PrimitiveTypeInfo
Event: 0.539 loading class java/lang/reflect/ProxyGenerator$PrimitiveTypeInfo done
Event: 0.539 loading class jdk/internal/org/objectweb/asm/Edge
Event: 0.539 loading class jdk/internal/org/objectweb/asm/Edge done
Event: 0.541 loading class java/lang/reflect/UndeclaredThrowableException
Event: 0.541 loading class java/lang/reflect/UndeclaredThrowableException done
Event: 0.541 loading class java/lang/IllegalAccessException
Event: 0.541 loading class java/lang/IllegalAccessException done
Event: 0.541 loading class java/lang/reflect/Proxy$ProxyBuilder$1
Event: 0.541 loading class java/lang/reflect/Proxy$ProxyBuilder$1 done


Dynamic libraries:
0x00007ff7c52b0000 - 0x00007ff7c52c0000 	C:\Program Files\Java\jdk-17\bin\java.exe
0x00007ffa5c700000 - 0x00007ffa5c963000 	C:\WINDOWS\SYSTEM32\ntdll.dll
0x00007ffa5b610000 - 0x00007ffa5b6d7000 	C:\WINDOWS\System32\KERNEL32.DLL
0x00007ffa5a090000 - 0x00007ffa5a457000 	C:\WINDOWS\System32\KERNELBASE.dll
0x00007ffa59cc0000 - 0x00007ffa59e0c000 	C:\WINDOWS\System32\ucrtbase.dll
0x00007ff9dac40000 - 0x00007ff9dac59000 	C:\Program Files\Java\jdk-17\bin\jli.dll
0x00007ffa5acc0000 - 0x00007ffa5ad74000 	C:\WINDOWS\System32\ADVAPI32.dll
0x00007ff98a740000 - 0x00007ff98a75b000 	C:\Program Files\Java\jdk-17\bin\VCRUNTIME140.dll
0x00007ffa5bc60000 - 0x00007ffa5bd09000 	C:\WINDOWS\System32\msvcrt.dll
0x00007ffa5c4c0000 - 0x00007ffa5c566000 	C:\WINDOWS\System32\sechost.dll
0x00007ffa5b6e0000 - 0x00007ffa5b7f6000 	C:\WINDOWS\System32\RPCRT4.dll
0x00007ffa5a740000 - 0x00007ffa5a909000 	C:\WINDOWS\System32\USER32.dll
0x00007ffa354a0000 - 0x00007ffa35730000 	C:\WINDOWS\WinSxS\amd64_microsoft.windows.common-controls_6595b64144ccf1df_6.0.26100.3037_none_3e09262ce333c378\COMCTL32.dll
0x00007ffa5a9f0000 - 0x00007ffa5aa1a000 	C:\WINDOWS\System32\GDI32.dll
0x00007ffa59bf0000 - 0x00007ffa59c17000 	C:\WINDOWS\System32\win32u.dll
0x00007ffa59e10000 - 0x00007ffa59f3b000 	C:\WINDOWS\System32\gdi32full.dll
0x00007ffa5a460000 - 0x00007ffa5a503000 	C:\WINDOWS\System32\msvcp_win.dll
0x00007ffa4be80000 - 0x00007ffa4be8b000 	C:\WINDOWS\SYSTEM32\VERSION.dll
0x00007ffa5aab0000 - 0x00007ffa5aadf000 	C:\WINDOWS\System32\IMM32.DLL
0x00007ff98e8b0000 - 0x00007ff98e8bc000 	C:\Program Files\Java\jdk-17\bin\vcruntime140_1.dll
0x00007ff989d90000 - 0x00007ff989e1e000 	C:\Program Files\Java\jdk-17\bin\msvcp140.dll
0x00007ff97eee0000 - 0x00007ff97fac0000 	C:\Program Files\Java\jdk-17\bin\server\jvm.dll
0x00007ffa5b800000 - 0x00007ffa5b808000 	C:\WINDOWS\System32\PSAPI.DLL
0x00007ffa4bf70000 - 0x00007ffa4bfa6000 	C:\WINDOWS\SYSTEM32\WINMM.dll
0x00007ff98ab90000 - 0x00007ff98ab9a000 	C:\WINDOWS\SYSTEM32\WSOCK32.dll
0x00007ffa5a6b0000 - 0x00007ffa5a724000 	C:\WINDOWS\System32\ws2_32.DLL
0x00007ffa589b0000 - 0x00007ffa589ca000 	C:\WINDOWS\SYSTEM32\kernel.appcore.dll
0x00007ff989d80000 - 0x00007ff989d8a000 	C:\Program Files\Java\jdk-17\bin\jimage.dll
0x00007ffa57250000 - 0x00007ffa57491000 	C:\WINDOWS\SYSTEM32\DBGHELP.DLL
0x00007ffa5b870000 - 0x00007ffa5bbee000 	C:\WINDOWS\System32\combase.dll
0x00007ffa5a910000 - 0x00007ffa5a9e6000 	C:\WINDOWS\System32\OLEAUT32.dll
0x00007ffa47480000 - 0x00007ffa474b9000 	C:\WINDOWS\SYSTEM32\dbgcore.DLL
0x00007ffa59c20000 - 0x00007ffa59cb9000 	C:\WINDOWS\System32\bcryptPrimitives.dll
0x00007ff989d50000 - 0x00007ff989d75000 	C:\Program Files\Java\jdk-17\bin\java.dll
0x00007ff989c70000 - 0x00007ff989d47000 	C:\Program Files\Java\jdk-17\bin\jsvml.dll
0x00007ffa5ad80000 - 0x00007ffa5b484000 	C:\WINDOWS\System32\SHELL32.dll
0x00007ffa577b0000 - 0x00007ffa57fe7000 	C:\WINDOWS\SYSTEM32\windows.storage.dll
0x00007ffa5c5a0000 - 0x00007ffa5c689000 	C:\WINDOWS\System32\SHCORE.dll
0x00007ffa5b810000 - 0x00007ffa5b86d000 	C:\WINDOWS\System32\shlwapi.dll
0x00007ffa59980000 - 0x00007ffa599ae000 	C:\WINDOWS\SYSTEM32\profapi.dll
0x00007ff989c50000 - 0x00007ff989c69000 	C:\Program Files\Java\jdk-17\bin\net.dll
0x00007ffa51f80000 - 0x00007ffa5209e000 	C:\WINDOWS\SYSTEM32\WINHTTP.dll
0x00007ffa58ec0000 - 0x00007ffa58f2a000 	C:\WINDOWS\system32\mswsock.dll
0x00007ff989c30000 - 0x00007ff989c46000 	C:\Program Files\Java\jdk-17\bin\nio.dll
0x00007ff989c10000 - 0x00007ff989c28000 	C:\Program Files\Java\jdk-17\bin\zip.dll
0x00007ff989c00000 - 0x00007ff989c10000 	C:\Program Files\Java\jdk-17\bin\verify.dll

dbghelp: loaded successfully - version: 4.0.5 - missing functions: none
symbol engine: initialized successfully - sym options: 0x614 - pdb path: .;C:\Program Files\Java\jdk-17\bin;C:\WINDOWS\SYSTEM32;C:\WINDOWS\WinSxS\amd64_microsoft.windows.common-controls_6595b64144ccf1df_6.0.26100.3037_none_3e09262ce333c378;C:\Program Files\Java\jdk-17\bin\server

VM Arguments:
jvm_args: -Xmx64m -Xms64m -Dorg.gradle.appname=gradlew 
java_command: org.gradle.wrapper.GradleWrapperMain app:installDebug -PreactNativeDevServerPort=8081
java_class_path (initial): C:\Users\OZLEM\YoklamaSistemi\android\\gradle\wrapper\gradle-wrapper.jar
Launcher Type: SUN_STANDARD

[Global flags]
     intx CICompilerCount                          = 12                                        {product} {ergonomic}
     uint ConcGCThreads                            = 3                                         {product} {ergonomic}
     uint G1ConcRefinementThreads                  = 13                                        {product} {ergonomic}
   size_t G1HeapRegionSize                         = 1048576                                   {product} {ergonomic}
    uintx GCDrainStackTargetSize                   = 64                                        {product} {ergonomic}
   size_t InitialHeapSize                          = 67108864                                  {product} {command line}
   size_t MarkStackSize                            = 4194304                                   {product} {ergonomic}
   size_t MaxHeapSize                              = 67108864                                  {product} {command line}
   size_t MaxNewSize                               = 39845888                                  {product} {ergonomic}
   size_t MinHeapDeltaBytes                        = 1048576                                   {product} {ergonomic}
   size_t MinHeapSize                              = 67108864                                  {product} {command line}
    uintx NonNMethodCodeHeapSize                   = 7602480                                {pd product} {ergonomic}
    uintx NonProfiledCodeHeapSize                  = 122027880                              {pd product} {ergonomic}
    uintx ProfiledCodeHeapSize                     = 122027880                              {pd product} {ergonomic}
    uintx ReservedCodeCacheSize                    = 251658240                              {pd product} {ergonomic}
     bool SegmentedCodeCache                       = true                                      {product} {ergonomic}
   size_t SoftMaxHeapSize                          = 67108864                               {manageable} {ergonomic}
     bool UseCompressedClassPointers               = true                           {product lp64_product} {ergonomic}
     bool UseCompressedOops                        = true                           {product lp64_product} {ergonomic}
     bool UseG1GC                                  = true                                      {product} {ergonomic}
     bool UseLargePagesIndividualAllocation        = false                                  {pd product} {ergonomic}

Logging:
Log output configuration:
 #0: stdout all=warning uptime,level,tags
 #1: stderr all=off uptime,level,tags

Environment Variables:
JAVA_HOME=C:\Program Files\Java\jdk-17
CLASSPATH=C:\Users\OZLEM\YoklamaSistemi\android\\gradle\wrapper\gradle-wrapper.jar
PATH=C:\Users\OZLEM\YoklamaSistemi\node_modules\.bin;C:\Users\OZLEM\YoklamaSistemi\node_modules\.bin;C:\Users\OZLEM\node_modules\.bin;C:\Users\node_modules\.bin;C:\node_modules\.bin;C:\Program Files\nodejs\node_modules\npm\node_modules\@npmcli\run-script\lib\node-gyp-bin;C:\Program Files\Java\jdk-17;C:\Program Files\Common Files\Oracle\Java\javapath;C:\Program Files (x86)\Common Files\Oracle\Java\java8path;C:\Program Files (x86)\Common Files\Oracle\Java\javapath;C:\Windows\system32;C:\Windows;C:\Windows\System32\Wbem;C:\Windows\System32\WindowsPowerShell\v1.0\;C:\Windows\System32\OpenSSH\;C:\Program Files (x86)\NVIDIA Corporation\PhysX\Common;C:\Program Files\NVIDIA Corporation\NVIDIA NvDLISR;C:\Program Files\dotnet\;C:\WINDOWS\system32;C:\WINDOWS;C:\WINDOWS\System32\Wbem;C:\WINDOWS\System32\WindowsPowerShell\v1.0\;C:\WINDOWS\System32\OpenSSH\;C:\Program Files\Azure Data Studio\bin;C:\WINDOWS\system32;C:\WINDOWS;C:\WINDOWS\System32\Wbem;C:\WINDOWS\System32\WindowsPowerShell\v1.0\;C:\WINDOWS\System32\OpenSSH\;C:\Program Files\nodejs\;C:\Users\OZLEM\AppData\Local\Android\Sdk\platform-tools;C:\Users\OZLEM\AppData\Local\Android\Sdk\emulator;C:\Users\OZLEM\AppData\Local\Android\Sdk\platform-tools;C:\Users\OZLEM\AppData\Local\Android\Sdk\emulator;C:\Users\OZLEM\AppData\Local\Android\Sdk\tools;C:\Users\OZLEM\AppData\Local\Android\Sdk\tools\bin;C:\Program Files\Java\jdk-17;C:\Program Files\Common Files\Oracle\Java\javapath;C:\Program Files (x86)\Common Files\Oracle\Java\java8path;C:\Program Files (x86)\Common Files\Oracle\Java\javapath;C:\Windows\system32;C:\Windows;C:\Windows\System32\Wbem;C:\Windows\System32\WindowsPowerShell\v1.0\;C:\Windows\System32\OpenSSH\;C:\Program Files (x86)\NVIDIA Corporation\PhysX\Common;C:\Program Files\NVIDIA Corporation\NVIDIA NvDLISR;C:\Program Files\dotnet\;C:\WINDOWS\system32;C:\WINDOWS;C:\WINDOWS\System32\Wbem;C:\WINDOWS\System32\WindowsPowerShell\v1.0\;C:\WINDOWS\System32\OpenSSH\;C:\Program Files\Azure Data Studio\bin;C:\WINDOWS\system32;C
USERNAME=OZLEM
LANG=en_US.UTF-8
OS=Windows_NT
PROCESSOR_IDENTIFIER=Intel64 Family 6 Model 141 Stepping 1, GenuineIntel



---------------  S Y S T E M  ---------------

OS:
 Windows 11 , 64 bit Build 26100 (10.0.26100.3037)
OS uptime: 0 days 0:22 hours

CPU: total 16 (initial active 16) (8 cores per cpu, 2 threads per core) family 6 model 141 stepping 1 microcode 0x34, cx8, cmov, fxsr, ht, mmx, 3dnowpref, sse, sse2, sse3, ssse3, sse4.1, sse4.2, popcnt, lzcnt, tsc, tscinvbit, avx, avx2, aes, erms, clmul, bmi1, bmi2, adx, avx512f, avx512dq, avx512cd, avx512bw, avx512vl, sha, fma, vzeroupper, avx512_vpopcntdq, avx512_vpclmulqdq, avx512_vaes, avx512_vnni, clflush, clflushopt, clwb, avx512_vbmi2, avx512_vbmi

Memory: 4k page, system-wide physical 16122M (1684M free)
TotalPageFile size 22014M (AvailPageFile size 4M)
current process WorkingSet (physical memory assigned to process): 100M, peak: 101M
current process commit charge ("private bytes"): 188M, peak: 189M

vm_info: Java HotSpot(TM) 64-Bit Server VM (17.0.12+8-LTS-286) for windows-amd64 JRE (17.0.12+8-LTS-286), built on Jun  5 2024 06:46:59 by "mach5one" with MS VC++ 17.6 (VS2022)

END.
