#
# There is insufficient memory for the Java Runtime Environment to continue.
# Native memory allocation (mmap) failed to map 67108864 bytes for G1 virtual space
# Possible reasons:
#   The system is out of physical RAM or swap space
#   The process is running with CompressedOops enabled, and the Java Heap may be blocking the growth of the native heap
# Possible solutions:
#   Reduce memory load on the system
#   Increase physical memory or swap space
#   Check if swap backing store is full
#   Decrease Java heap size (-Xmx/-Xms)
#   Decrease number of Java threads
#   Decrease Java thread stack sizes (-Xss)
#   Set larger code cache with -XX:ReservedCodeCacheSize=
#   JVM is running with Unscaled Compressed Oops mode in which the Java heap is
#     placed in the first 4GB address space. The Java Heap base address is the
#     maximum limit for the native heap growth. Please use -XX:HeapBaseMinAddress
#     to set the Java Heap base and to place the Java Heap above 4GB virtual address.
# This output file may be truncated or incomplete.
#
#  Out of Memory Error (os_windows.cpp:3548), pid=22448, tid=5676
#
# JRE version:  (17.0.12+8) (build )
# Java VM: Java HotSpot(TM) 64-Bit Server VM (17.0.12+8-LTS-286, mixed mode, sharing, tiered, compressed oops, compressed class ptrs, g1 gc, windows-amd64)
# No core dump will be written. Minidumps are not enabled by default on client versions of Windows
#

---------------  S U M M A R Y ------------

Command Line: -Xmx64m -Xms64m -Dorg.gradle.appname=gradlew org.gradle.wrapper.GradleWrapperMain app:installDebug -PreactNativeDevServerPort=8081

Host: 11th Gen Intel(R) Core(TM) i7-11800H @ 2.30GHz, 16 cores, 15G,  Windows 11 , 64 bit Build 26100 (10.0.26100.3037)
Time: Tue Mar 11 23:31:49 2025 Türkiye Standart Saati elapsed time: 0.016159 seconds (0d 0h 0m 0s)

---------------  T H R E A D  ---------------

Current thread (0x0000021038386640):  JavaThread "Unknown thread" [_thread_in_vm, id=5676, stack(0x000000c3ac000000,0x000000c3ac100000)]

Stack: [0x000000c3ac000000,0x000000c3ac100000]
Native frames: (J=compiled Java code, j=interpreted, Vv=VM code, C=native code)
V  [jvm.dll+0x67a04a]
V  [jvm.dll+0x7da4ed]
V  [jvm.dll+0x7dbe33]
V  [jvm.dll+0x7dc4a3]
V  [jvm.dll+0x24508f]
V  [jvm.dll+0x677089]
V  [jvm.dll+0x66bd32]
V  [jvm.dll+0x301fa6]
V  [jvm.dll+0x309546]
V  [jvm.dll+0x359d2e]
V  [jvm.dll+0x359f5f]
V  [jvm.dll+0x2d9078]
V  [jvm.dll+0x2d9fe4]
V  [jvm.dll+0x7aca21]
V  [jvm.dll+0x367591]
V  [jvm.dll+0x78b999]
V  [jvm.dll+0x3ec83f]
V  [jvm.dll+0x3ee471]
C  [jli.dll+0x5297]
C  [ucrtbase.dll+0x37b0]
C  [KERNEL32.DLL+0x2e8d7]
C  [ntdll.dll+0xbbf2c]


---------------  P R O C E S S  ---------------

Threads class SMR info:
_java_thread_list=0x00007ff97f997a18, length=0, elements={
}

Java Threads: ( => current thread )

Other Threads:
  0x00000210383a7530 GCTaskThread "GC Thread#0" [stack: 0x000000c3ac100000,0x000000c3ac200000] [id=21516]
  0x00000210383ac760 ConcurrentGCThread "G1 Main Marker" [stack: 0x000000c3ac200000,0x000000c3ac300000] [id=18824]
  0x00000210383ad910 ConcurrentGCThread "G1 Conc#0" [stack: 0x000000c3ac300000,0x000000c3ac400000] [id=21032]

[error occurred during error reporting (printing all threads), id 0xc0000005, EXCEPTION_ACCESS_VIOLATION (0xc0000005) at pc=0x00007ff97f1c9b67]

VM state: not at safepoint (not fully initialized)

VM Mutex/Monitor currently owned by a thread:  ([mutex/lock_event])
[0x0000021038380e10] Heap_lock - owner thread: 0x0000021038386640

Heap address: 0x00000000fc000000, size: 64 MB, Compressed Oops mode: 32-bit

CDS archive(s) mapped at: [0x0000000000000000-0x0000000000000000-0x0000000000000000), size 0, SharedBaseAddress: 0x0000000800000000, ArchiveRelocationMode: 1.
Narrow klass base: 0x0000000000000000, Narrow klass shift: 0, Narrow klass range: 0x0

GC Precious Log:
<Empty>

Heap:
 garbage-first heap   total 0K, used 0K [0x00000000fc000000, 0x0000000100000000)
  region size 1024K, 0 young (0K), 0 survivors (0K)

[error occurred during error reporting (printing heap information), id 0xc0000005, EXCEPTION_ACCESS_VIOLATION (0xc0000005) at pc=0x00007ff97f5b3859]

GC Heap History (0 events):
No events

Deoptimization events (0 events):
No events

Classes unloaded (0 events):
No events

Classes redefined (0 events):
No events

Internal exceptions (0 events):
No events

VM Operations (0 events):
No events

Events (1 events):
Event: 0.008 Loaded shared library C:\Program Files\Java\jdk-17\bin\java.dll


Dynamic libraries:
0x00007ff7c52b0000 - 0x00007ff7c52c0000 	C:\Program Files\Java\jdk-17\bin\java.exe
0x00007ffa5c700000 - 0x00007ffa5c963000 	C:\WINDOWS\SYSTEM32\ntdll.dll
0x00007ffa5b610000 - 0x00007ffa5b6d7000 	C:\WINDOWS\System32\KERNEL32.DLL
0x00007ffa5a090000 - 0x00007ffa5a457000 	C:\WINDOWS\System32\KERNELBASE.dll
0x00007ffa59cc0000 - 0x00007ffa59e0c000 	C:\WINDOWS\System32\ucrtbase.dll
0x00007ff98a740000 - 0x00007ff98a75b000 	C:\Program Files\Java\jdk-17\bin\VCRUNTIME140.dll
0x00007ff9dac40000 - 0x00007ff9dac59000 	C:\Program Files\Java\jdk-17\bin\jli.dll
0x00007ffa5acc0000 - 0x00007ffa5ad74000 	C:\WINDOWS\System32\ADVAPI32.dll
0x00007ffa5bc60000 - 0x00007ffa5bd09000 	C:\WINDOWS\System32\msvcrt.dll
0x00007ffa5c4c0000 - 0x00007ffa5c566000 	C:\WINDOWS\System32\sechost.dll
0x00007ffa5b6e0000 - 0x00007ffa5b7f6000 	C:\WINDOWS\System32\RPCRT4.dll
0x00007ffa5a740000 - 0x00007ffa5a909000 	C:\WINDOWS\System32\USER32.dll
0x00007ffa59bf0000 - 0x00007ffa59c17000 	C:\WINDOWS\System32\win32u.dll
0x00007ffa354a0000 - 0x00007ffa35730000 	C:\WINDOWS\WinSxS\amd64_microsoft.windows.common-controls_6595b64144ccf1df_6.0.26100.3037_none_3e09262ce333c378\COMCTL32.dll
0x00007ffa5a9f0000 - 0x00007ffa5aa1a000 	C:\WINDOWS\System32\GDI32.dll
0x00007ffa59e10000 - 0x00007ffa59f3b000 	C:\WINDOWS\System32\gdi32full.dll
0x00007ffa5a460000 - 0x00007ffa5a503000 	C:\WINDOWS\System32\msvcp_win.dll
0x00007ffa4be80000 - 0x00007ffa4be8b000 	C:\WINDOWS\SYSTEM32\VERSION.dll
0x00007ffa5aab0000 - 0x00007ffa5aadf000 	C:\WINDOWS\System32\IMM32.DLL
0x00007ff98e8b0000 - 0x00007ff98e8bc000 	C:\Program Files\Java\jdk-17\bin\vcruntime140_1.dll
0x00007ff989d90000 - 0x00007ff989e1e000 	C:\Program Files\Java\jdk-17\bin\msvcp140.dll
0x00007ff97eee0000 - 0x00007ff97fac0000 	C:\Program Files\Java\jdk-17\bin\server\jvm.dll
0x00007ffa5b800000 - 0x00007ffa5b808000 	C:\WINDOWS\System32\PSAPI.DLL
0x00007ff98ab90000 - 0x00007ff98ab9a000 	C:\WINDOWS\SYSTEM32\WSOCK32.dll
0x00007ffa5a6b0000 - 0x00007ffa5a724000 	C:\WINDOWS\System32\WS2_32.dll
0x00007ffa4bf70000 - 0x00007ffa4bfa6000 	C:\WINDOWS\SYSTEM32\WINMM.dll
0x00007ffa589b0000 - 0x00007ffa589ca000 	C:\WINDOWS\SYSTEM32\kernel.appcore.dll
0x00007ff989d80000 - 0x00007ff989d8a000 	C:\Program Files\Java\jdk-17\bin\jimage.dll
0x00007ffa57250000 - 0x00007ffa57491000 	C:\WINDOWS\SYSTEM32\DBGHELP.DLL
0x00007ffa5b870000 - 0x00007ffa5bbee000 	C:\WINDOWS\System32\combase.dll
0x00007ffa5a910000 - 0x00007ffa5a9e6000 	C:\WINDOWS\System32\OLEAUT32.dll
0x00007ffa47480000 - 0x00007ffa474b9000 	C:\WINDOWS\SYSTEM32\dbgcore.DLL
0x00007ffa59c20000 - 0x00007ffa59cb9000 	C:\WINDOWS\System32\bcryptPrimitives.dll
0x00007ff989d50000 - 0x00007ff989d75000 	C:\Program Files\Java\jdk-17\bin\java.dll

dbghelp: loaded successfully - version: 4.0.5 - missing functions: none
symbol engine: initialized successfully - sym options: 0x614 - pdb path: .;C:\Program Files\Java\jdk-17\bin;C:\WINDOWS\SYSTEM32;C:\WINDOWS\WinSxS\amd64_microsoft.windows.common-controls_6595b64144ccf1df_6.0.26100.3037_none_3e09262ce333c378;C:\Program Files\Java\jdk-17\bin\server

VM Arguments:
jvm_args: -Xmx64m -Xms64m -Dorg.gradle.appname=gradlew 
java_command: org.gradle.wrapper.GradleWrapperMain app:installDebug -PreactNativeDevServerPort=8081
java_class_path (initial): C:\Users\OZLEM\YoklamaSistemi\android\\gradle\wrapper\gradle-wrapper.jar
Launcher Type: SUN_STANDARD

[Global flags]
     intx CICompilerCount                          = 12                                        {product} {ergonomic}
     uint ConcGCThreads                            = 3                                         {product} {ergonomic}
     uint G1ConcRefinementThreads                  = 13                                        {product} {ergonomic}
   size_t G1HeapRegionSize                         = 1048576                                   {product} {ergonomic}
    uintx GCDrainStackTargetSize                   = 64                                        {product} {ergonomic}
   size_t InitialHeapSize                          = 67108864                                  {product} {command line}
   size_t MarkStackSize                            = 4194304                                   {product} {ergonomic}
   size_t MaxHeapSize                              = 67108864                                  {product} {command line}
   size_t MinHeapDeltaBytes                        = 1048576                                   {product} {ergonomic}
   size_t MinHeapSize                              = 67108864                                  {product} {command line}
    uintx NonNMethodCodeHeapSize                   = 7602480                                {pd product} {ergonomic}
    uintx NonProfiledCodeHeapSize                  = 122027880                              {pd product} {ergonomic}
    uintx ProfiledCodeHeapSize                     = 122027880                              {pd product} {ergonomic}
    uintx ReservedCodeCacheSize                    = 251658240                              {pd product} {ergonomic}
     bool SegmentedCodeCache                       = true                                      {product} {ergonomic}
   size_t SoftMaxHeapSize                          = 67108864                               {manageable} {ergonomic}
     bool UseCompressedClassPointers               = true                           {product lp64_product} {ergonomic}
     bool UseCompressedOops                        = true                           {product lp64_product} {ergonomic}
     bool UseG1GC                                  = true                                      {product} {ergonomic}
     bool UseLargePagesIndividualAllocation        = false                                  {pd product} {ergonomic}

Logging:
Log output configuration:
 #0: stdout all=warning uptime,level,tags
 #1: stderr all=off uptime,level,tags

Environment Variables:
JAVA_HOME=C:\Program Files\Java\jdk-17
CLASSPATH=C:\Users\OZLEM\YoklamaSistemi\android\\gradle\wrapper\gradle-wrapper.jar
PATH=C:\Users\OZLEM\YoklamaSistemi\node_modules\.bin;C:\Users\OZLEM\YoklamaSistemi\node_modules\.bin;C:\Users\OZLEM\node_modules\.bin;C:\Users\node_modules\.bin;C:\node_modules\.bin;C:\Program Files\nodejs\node_modules\npm\node_modules\@npmcli\run-script\lib\node-gyp-bin;C:\Program Files\Java\jdk-17;C:\Program Files\Common Files\Oracle\Java\javapath;C:\Program Files (x86)\Common Files\Oracle\Java\java8path;C:\Program Files (x86)\Common Files\Oracle\Java\javapath;C:\Windows\system32;C:\Windows;C:\Windows\System32\Wbem;C:\Windows\System32\WindowsPowerShell\v1.0\;C:\Windows\System32\OpenSSH\;C:\Program Files (x86)\NVIDIA Corporation\PhysX\Common;C:\Program Files\NVIDIA Corporation\NVIDIA NvDLISR;C:\Program Files\dotnet\;C:\WINDOWS\system32;C:\WINDOWS;C:\WINDOWS\System32\Wbem;C:\WINDOWS\System32\WindowsPowerShell\v1.0\;C:\WINDOWS\System32\OpenSSH\;C:\Program Files\Azure Data Studio\bin;C:\WINDOWS\system32;C:\WINDOWS;C:\WINDOWS\System32\Wbem;C:\WINDOWS\System32\WindowsPowerShell\v1.0\;C:\WINDOWS\System32\OpenSSH\;C:\Program Files\nodejs\;C:\Users\OZLEM\AppData\Local\Android\Sdk\platform-tools;C:\Users\OZLEM\AppData\Local\Android\Sdk\emulator;C:\Users\OZLEM\AppData\Local\Android\Sdk\platform-tools;C:\Users\OZLEM\AppData\Local\Android\Sdk\emulator;C:\Users\OZLEM\AppData\Local\Android\Sdk\tools;C:\Users\OZLEM\AppData\Local\Android\Sdk\tools\bin;C:\Program Files\Java\jdk-17;C:\Program Files\Common Files\Oracle\Java\javapath;C:\Program Files (x86)\Common Files\Oracle\Java\java8path;C:\Program Files (x86)\Common Files\Oracle\Java\javapath;C:\Windows\system32;C:\Windows;C:\Windows\System32\Wbem;C:\Windows\System32\WindowsPowerShell\v1.0\;C:\Windows\System32\OpenSSH\;C:\Program Files (x86)\NVIDIA Corporation\PhysX\Common;C:\Program Files\NVIDIA Corporation\NVIDIA NvDLISR;C:\Program Files\dotnet\;C:\WINDOWS\system32;C:\WINDOWS;C:\WINDOWS\System32\Wbem;C:\WINDOWS\System32\WindowsPowerShell\v1.0\;C:\WINDOWS\System32\OpenSSH\;C:\Program Files\Azure Data Studio\bin;C:\WINDOWS\system32;C
USERNAME=OZLEM
LANG=en_US.UTF-8
OS=Windows_NT
PROCESSOR_IDENTIFIER=Intel64 Family 6 Model 141 Stepping 1, GenuineIntel



---------------  S Y S T E M  ---------------

OS:
 Windows 11 , 64 bit Build 26100 (10.0.26100.3037)
OS uptime: 0 days 0:22 hours

CPU: total 16 (initial active 16) (8 cores per cpu, 2 threads per core) family 6 model 141 stepping 1 microcode 0x34, cx8, cmov, fxsr, ht, mmx, 3dnowpref, sse, sse2, sse3, ssse3, sse4.1, sse4.2, popcnt, lzcnt, tsc, tscinvbit, avx, avx2, aes, erms, clmul, bmi1, bmi2, adx, avx512f, avx512dq, avx512cd, avx512bw, avx512vl, sha, fma, vzeroupper, avx512_vpopcntdq, avx512_vpclmulqdq, avx512_vaes, avx512_vnni, clflush, clflushopt, clwb, avx512_vbmi2, avx512_vbmi

Memory: 4k page, system-wide physical 16122M (2188M free)
TotalPageFile size 22014M (AvailPageFile size 24M)
current process WorkingSet (physical memory assigned to process): 12M, peak: 12M
current process commit charge ("private bytes"): 70M, peak: 133M

vm_info: Java HotSpot(TM) 64-Bit Server VM (17.0.12+8-LTS-286) for windows-amd64 JRE (17.0.12+8-LTS-286), built on Jun  5 2024 06:46:59 by "mach5one" with MS VC++ 17.6 (VS2022)

END.
